# JRE version: Java(TM) SE Runtime Environment (14.0.2+12) (build 14.0.2+12-46)
# Java VM: Java HotSpot(TM) 64-Bit Server VM (14.0.2+12-46, mixed mode, sharing, tiered, compressed oops, g1 gc, windows-amd64)
Heap:
 garbage-first heap   total 27648K, used 25714K [0x0000000700a00000, 0x0000000800000000)
  region size 1024K, 18 young (18432K), 3 survivors (3072K)
 Metaspace       used 23566K, capacity 24613K, committed 24832K, reserved 1071104K
  class space    used 2807K, capacity 3519K, committed 3584K, reserved 1048576K
GC Heap History (6 events):
Event: 15.528 GC heap before
{Heap before GC invocations=0 (full 0):
 garbage-first heap   total 262144K, used 13312K [0x0000000700a00000, 0x0000000800000000)
  region size 1024K, 13 young (13312K), 0 survivors (0K)
 Metaspace       used 11966K, capacity 12318K, committed 12416K, reserved 1060864K
  class space    used 1466K, capacity 1630K, committed 1664K, reserved 1048576K
}
Event: 15.533 GC heap after
{Heap after GC invocations=1 (full 0):
 garbage-first heap   total 262144K, used 2662K [0x0000000700a00000, 0x0000000800000000)
  region size 1024K, 2 young (2048K), 2 survivors (2048K)
 Metaspace       used 11966K, capacity 12318K, committed 12416K, reserved 1060864K
  class space    used 1466K, capacity 1630K, committed 1664K, reserved 1048576K
}
Event: 16.367 GC heap before
{Heap before GC invocations=1 (full 0):
 garbage-first heap   total 262144K, used 15974K [0x0000000700a00000, 0x0000000800000000)
  region size 1024K, 15 young (15360K), 2 survivors (2048K)
 Metaspace       used 17150K, capacity 17550K, committed 17664K, reserved 1064960K
  class space    used 2111K, capacity 2286K, committed 2304K, reserved 1048576K
}
Event: 16.372 GC heap after
{Heap after GC invocations=2 (full 0):
 garbage-first heap   total 262144K, used 4475K [0x0000000700a00000, 0x0000000800000000)
  region size 1024K, 2 young (2048K), 2 survivors (2048K)
 Metaspace       used 17150K, capacity 17550K, committed 17664K, reserved 1064960K
  class space    used 2111K, capacity 2286K, committed 2304K, reserved 1048576K
}
Event: 16.536 GC heap before
{Heap before GC invocations=2 (full 0):
 garbage-first heap   total 262144K, used 13691K [0x0000000700a00000, 0x0000000800000000)
  region size 1024K, 13 young (13312K), 2 survivors (2048K)
 Metaspace       used 20673K, capacity 21095K, committed 21248K, reserved 1067008K
  class space    used 2514K, capacity 2699K, committed 2816K, reserved 1048576K
}
Event: 16.539 GC heap after
{Heap after GC invocations=3 (full 0):
 garbage-first heap   total 262144K, used 5234K [0x0000000700a00000, 0x0000000800000000)
  region size 1024K, 3 young (3072K), 3 survivors (3072K)
 Metaspace       used 20673K, capacity 21095K, committed 21248K, reserved 1067008K
  class space    used 2514K, capacity 2699K, committed 2816K, reserved 1048576K
}

