# JRE version: Java(TM) SE Runtime Environment (14.0.2+12) (build 14.0.2+12-46)
# Java VM: Java HotSpot(TM) 64-Bit Server VM (14.0.2+12-46, mixed mode, sharing, tiered, compressed oops, g1 gc, windows-amd64)
Heap:
 garbage-first heap   total 24576K, used 19448K [0x0000000700a00000, 0x0000000800000000)
  region size 1024K, 18 young (18432K), 3 survivors (3072K)
 Metaspace       used 23122K, capacity 24179K, committed 24448K, reserved 1071104K
  class space    used 2744K, capacity 3419K, committed 3456K, reserved 1048576K
GC Heap History (6 events):
Event: 2.986 GC heap before
{Heap before GC invocations=0 (full 0):
 garbage-first heap   total 262144K, used 13312K [0x0000000700a00000, 0x0000000800000000)
  region size 1024K, 13 young (13312K), 0 survivors (0K)
 Metaspace       used 11938K, capacity 12318K, committed 12416K, reserved 1060864K
  class space    used 1459K, capacity 1630K, committed 1664K, reserved 1048576K
}
Event: 2.990 GC heap after
{Heap after GC invocations=1 (full 0):
 garbage-first heap   total 262144K, used 2651K [0x0000000700a00000, 0x0000000800000000)
  region size 1024K, 2 young (2048K), 2 survivors (2048K)
 Metaspace       used 11938K, capacity 12318K, committed 12416K, reserved 1060864K
  class space    used 1459K, capacity 1630K, committed 1664K, reserved 1048576K
}
Event: 3.621 GC heap before
{Heap before GC invocations=1 (full 0):
 garbage-first heap   total 262144K, used 14939K [0x0000000700a00000, 0x0000000800000000)
  region size 1024K, 15 young (15360K), 2 survivors (2048K)
 Metaspace       used 17075K, capacity 17538K, committed 17664K, reserved 1064960K
  class space    used 2102K, capacity 2284K, committed 2304K, reserved 1048576K
}
Event: 3.626 GC heap after
{Heap after GC invocations=2 (full 0):
 garbage-first heap   total 262144K, used 4505K [0x0000000700a00000, 0x0000000800000000)
  region size 1024K, 2 young (2048K), 2 survivors (2048K)
 Metaspace       used 17075K, capacity 17538K, committed 17664K, reserved 1064960K
  class space    used 2102K, capacity 2284K, committed 2304K, reserved 1048576K
}
Event: 3.791 GC heap before
{Heap before GC invocations=2 (full 0):
 garbage-first heap   total 262144K, used 13721K [0x0000000700a00000, 0x0000000800000000)
  region size 1024K, 13 young (13312K), 2 survivors (2048K)
 Metaspace       used 20670K, capacity 21083K, committed 21248K, reserved 1067008K
  class space    used 2514K, capacity 2697K, committed 2816K, reserved 1048576K
}
Event: 3.793 GC heap after
{Heap after GC invocations=3 (full 0):
 garbage-first heap   total 262144K, used 5112K [0x0000000700a00000, 0x0000000800000000)
  region size 1024K, 3 young (3072K), 3 survivors (3072K)
 Metaspace       used 20670K, capacity 21083K, committed 21248K, reserved 1067008K
  class space    used 2514K, capacity 2697K, committed 2816K, reserved 1048576K
}

